<?xml version="1.0" encoding="UTF-8"?>
<TestRun id="23c5b678-1c66-4ed9-b43a-f968302b7208" name="Jan@PUTO 2012-04-19 11:06:17" runUser="PuTo\Jan" xmlns="http://microsoft.com/schemas/VisualStudio/TeamTest/2010">
  <TestSettings name="Local Test Run" id="39198a4b-6277-4aef-87ed-d59e010881d7">
    <Description>This is a default test run configuration for a local test run.</Description>
    <Deployment userDeploymentRoot="C:\Users\Jan\Documents\Visual Studio 2010\Projects\navalwar-backend\NWmanager\TestResults" useDefaultDeploymentRoot="false" runDeploymentRoot="Jan_PUTO 2012-04-19 11_06_17">
      <DeploymentItem filename="C:\Users\Jan\Documents\Visual Studio 2010\Projects\navalwar-backend\NWmanager\NWData\bin\Debug\NWData.dll" />
      <DeploymentItem filename="C:\Users\Jan\Documents\Visual Studio 2010\Projects\navalwar-backend\NWmanager\NWComms\bin\Debug\NWComms.dll" />
    </Deployment>
    <Execution>
      <TestTypeSpecific />
      <AgentRule name="Execution Agents">
      </AgentRule>
    </Execution>
  </TestSettings>
  <Times creation="2012-04-19T11:06:17.4137232+02:00" queuing="2012-04-19T11:06:17.5687321+02:00" start="2012-04-19T11:06:17.5807327+02:00" finish="2012-04-19T11:06:20.3978939+02:00" />
  <ResultSummary outcome="Completed">
    <Counters total="1" executed="1" passed="1" error="0" failed="0" timeout="0" aborted="0" inconclusive="0" passedButRunAborted="0" notRunnable="0" notExecuted="0" disconnected="0" warning="0" completed="0" inProgress="0" pending="0" />
  </ResultSummary>
  <TestDefinitions>
    <UnitTest name="VisualDetection" storage="c:\users\jan\documents\visual studio 2010\projects\navalwar-backend\nwmanager\nwmanagertest\bin\debug\nwmanagertest.dll" id="8dbfad4e-029c-a83b-72d4-030aeb61f96a">
      <Execution id="baff34ad-1c90-4eab-be16-481b20f054a7" />
      <TestMethod codeBase="C:/Users/Jan/Documents/Visual Studio 2010/Projects/navalwar-backend/NWmanager/NWManagerTest/bin/Debug/NWManagerTest.DLL" adapterTypeName="Microsoft.VisualStudio.TestTools.TestTypes.Unit.UnitTestAdapter, Microsoft.VisualStudio.QualityTools.Tips.UnitTest.Adapter, Version=10.0.0.0, Culture=neutral, PublicKeyToken=b03f5f7f11d50a3a" className="NWManagerTest.DetectionTest, NWManagerTest, Version=1.0.0.0, Culture=neutral, PublicKeyToken=null" name="VisualDetection" />
    </UnitTest>
  </TestDefinitions>
  <TestLists>
    <TestList name="Results Not in a List" id="8c84fa94-04c1-424b-9868-57a2d4851a1d" />
    <TestList name="All Loaded Results" id="19431567-8539-422a-85d7-44ee4e166bda" />
  </TestLists>
  <TestEntries>
    <TestEntry testId="8dbfad4e-029c-a83b-72d4-030aeb61f96a" executionId="baff34ad-1c90-4eab-be16-481b20f054a7" testListId="8c84fa94-04c1-424b-9868-57a2d4851a1d" />
  </TestEntries>
  <Results>
    <UnitTestResult executionId="baff34ad-1c90-4eab-be16-481b20f054a7" testId="8dbfad4e-029c-a83b-72d4-030aeb61f96a" testName="VisualDetection" computerName="PUTO" duration="00:00:02.6040383" startTime="2012-04-19T11:06:17.5927334+02:00" endTime="2012-04-19T11:06:20.3818930+02:00" testType="13cdc9d9-ddb5-4fa4-a97d-d965ccfc6d4b" outcome="Passed" testListId="8c84fa94-04c1-424b-9868-57a2d4851a1d" relativeResultsDirectory="baff34ad-1c90-4eab-be16-481b20f054a7">
    </UnitTestResult>
  </Results>
</TestRun>