<?xml version="1.0" encoding="UTF-8"?>
<TestRun id="11abbc0f-722b-4a6a-8459-dc93e6f352ef" name="Jan@PUTO 2012-04-09 09:42:22" runUser="PuTo\Jan" xmlns="http://microsoft.com/schemas/VisualStudio/TeamTest/2010">
  <TestSettings name="Local Test Run" id="39198a4b-6277-4aef-87ed-d59e010881d7">
    <Description>This is a default test run configuration for a local test run.</Description>
    <Deployment userDeploymentRoot="C:\Users\Jan\Documents\Visual Studio 2010\Projects\navalwar-backend\NWmanager\TestResults" useDefaultDeploymentRoot="false" runDeploymentRoot="Jan_PUTO 2012-04-09 09_42_22">
      <DeploymentItem filename="C:\Users\Jan\Documents\Visual Studio 2010\Projects\navalwar-backend\NWmanager\NWData\bin\Debug\NWData.dll" />
      <DeploymentItem filename="C:\Users\Jan\Documents\Visual Studio 2010\Projects\navalwar-backend\NWmanager\NWComms\bin\Debug\NWComms.dll" />
    </Deployment>
    <Execution>
      <TestTypeSpecific />
      <AgentRule name="Execution Agents">
      </AgentRule>
    </Execution>
  </TestSettings>
  <Times creation="2012-04-09T09:42:22.3816167+02:00" queuing="2012-04-09T09:42:24.2767251+02:00" start="2012-04-09T09:42:24.4867371+02:00" finish="2012-04-09T09:42:54.7714693+02:00" />
  <ResultSummary outcome="Error">
    <Counters total="1" executed="1" error="0" failed="0" timeout="0" aborted="1" inconclusive="0" passedButRunAborted="0" notRunnable="0" notExecuted="0" disconnected="0" warning="0" passed="0" completed="0" inProgress="0" pending="0" />
    <RunInfos>
      <RunInfo computerName="PUTO" outcome="Error" timestamp="2012-04-09T09:42:54.7704692+02:00">
        <Text>Test host process exited unexpectedly.</Text>
      </RunInfo>
    </RunInfos>
  </ResultSummary>
  <TestDefinitions>
    <UnitTest name="LandInstallationsFireOnAir" storage="c:\users\jan\documents\visual studio 2010\projects\navalwar-backend\nwmanager\nwmanagertest\bin\debug\nwmanagertest.dll" id="53d99274-9b30-0923-29d3-747e6a7ecbb1">
      <Execution id="71b30b7f-38a5-4ee9-b9c3-e910c5810095" />
      <TestMethod codeBase="C:/Users/Jan/Documents/Visual Studio 2010/Projects/navalwar-backend/NWmanager/NWManagerTest/bin/Debug/NWManagerTest.DLL" adapterTypeName="Microsoft.VisualStudio.TestTools.TestTypes.Unit.UnitTestAdapter, Microsoft.VisualStudio.QualityTools.Tips.UnitTest.Adapter, Version=10.0.0.0, Culture=neutral, PublicKeyToken=b03f5f7f11d50a3a" className="NWManagerTest.CombatAndDamageTest, NWManagerTest, Version=1.0.0.0, Culture=neutral, PublicKeyToken=null" name="LandInstallationsFireOnAir" />
    </UnitTest>
  </TestDefinitions>
  <TestLists>
    <TestList name="Results Not in a List" id="8c84fa94-04c1-424b-9868-57a2d4851a1d" />
    <TestList name="All Loaded Results" id="19431567-8539-422a-85d7-44ee4e166bda" />
  </TestLists>
  <TestEntries>
    <TestEntry testId="53d99274-9b30-0923-29d3-747e6a7ecbb1" executionId="71b30b7f-38a5-4ee9-b9c3-e910c5810095" testListId="8c84fa94-04c1-424b-9868-57a2d4851a1d" />
  </TestEntries>
  <Results>
    <UnitTestResult executionId="71b30b7f-38a5-4ee9-b9c3-e910c5810095" testId="53d99274-9b30-0923-29d3-747e6a7ecbb1" testName="LandInstallationsFireOnAir" computerName="PUTO" duration="00:00:30.0977215" startTime="2012-04-09T09:42:24.6737478+02:00" endTime="2012-04-09T09:42:54.7714693+02:00" testType="13cdc9d9-ddb5-4fa4-a97d-d965ccfc6d4b" outcome="Aborted" testListId="8c84fa94-04c1-424b-9868-57a2d4851a1d" relativeResultsDirectory="71b30b7f-38a5-4ee9-b9c3-e910c5810095">
    </UnitTestResult>
  </Results>
</TestRun>